<?xml version="1.0" encoding="UTF-8"?>
<!-- Generated by org.testng.reporters.JUnitReportReporter -->
<testsuite hostname="DESKTOP-SO5G69R" failures="0" tests="2" name="CreateBooking" time="0.698" errors="0" timestamp="2023-02-16T22:06:35 EST" skipped="0">
  <testcase classname="CreateBooking" name="createNewBooking" time="0.553"/>
  <testcase classname="CreateBooking" name="createNewBooking" time="0.145"/>
</testsuite> <!-- CreateBooking -->
