<?xml version="1.0" encoding="UTF-8"?>
<!-- Generated by org.testng.reporters.JUnitReportReporter -->
<testsuite hostname="DESKTOP-SO5G69R" failures="0" tests="2" name="PartialUpdateBooking" time="3.898" errors="0" timestamp="2023-02-16T22:41:19 EST" skipped="0">
  <testcase classname="PartialUpdateBooking" name="updateBooking" time="3.747"/>
  <testcase classname="PartialUpdateBooking" name="updateExistingBooking" time="0.151"/>
</testsuite> <!-- PartialUpdateBooking -->
