<?xml version="1.0" encoding="UTF-8"?>
<!-- Generated by org.testng.reporters.JUnitReportReporter -->
<testsuite hostname="DESKTOP-SO5G69R" failures="0" tests="2" name="DeleteBooking" time="0.354" errors="0" timestamp="2023-02-16T22:06:35 EST" skipped="0">
  <testcase classname="DeleteBooking" name="getExistingBookingIDs" time="0.056"/>
  <testcase classname="DeleteBooking" name="getBookingIDs" time="0.298"/>
</testsuite> <!-- DeleteBooking -->
