<?xml version="1.0" encoding="UTF-8"?>
<!-- Generated by org.testng.reporters.JUnitReportReporter -->
<testsuite hostname="DESKTOP-SO5G69R" failures="0" tests="1" name="UpdateBooking" time="0.336" errors="0" timestamp="2023-02-16T22:06:35 EST" skipped="0">
  <testcase classname="UpdateBooking" name="updateBooking" time="0.336"/>
</testsuite> <!-- UpdateBooking -->
